date:2021-07-19 08:03:06	thread:main	X-Track:	level:TRACE	logger:o.s.w.s.m.m.a.RequestMappingHandlerMapping      	message:
	c.e.a.a.c.U.HomeController:
	{GET [/]}: home1(Model,Principal)
date:2021-07-19 08:03:06	thread:main	X-Track:	level:DEBUG	logger:o.s.w.s.m.m.a.RequestMappingHandlerMapping      	message:1 mappings in <unknown>
date:2021-07-19 08:03:06	thread:main	X-Track:	level:WARN 	logger:org.springframework.web.servlet.PageNotFound    	message:No mapping for GET /login
date:2021-07-19 08:04:57	thread:main	X-Track:	level:TRACE	logger:o.s.w.s.m.m.a.RequestMappingHandlerMapping      	message:
	c.e.a.a.c.U.HomeController:
	{GET [/]}: home1(Model,Principal)
date:2021-07-19 08:04:57	thread:main	X-Track:	level:DEBUG	logger:o.s.w.s.m.m.a.RequestMappingHandlerMapping      	message:1 mappings in <unknown>
date:2021-07-19 08:04:57	thread:main	X-Track:	level:TRACE	logger:o.s.w.s.m.m.a.RequestMappingHandlerMapping      	message:Mapped to com.example.authority.app.controller.User.HomeController#home1(Model, Principal)
date:2021-07-19 08:07:08	thread:main	X-Track:	level:TRACE	logger:o.s.w.s.m.m.a.RequestMappingHandlerMapping      	message:
	c.e.a.a.c.U.HomeController:
	{GET [/]}: home1(Model,Principal)
date:2021-07-19 08:07:08	thread:main	X-Track:	level:DEBUG	logger:o.s.w.s.m.m.a.RequestMappingHandlerMapping      	message:1 mappings in <unknown>
date:2021-07-19 08:07:08	thread:main	X-Track:	level:WARN 	logger:org.springframework.web.servlet.PageNotFound    	message:No mapping for GET /user
date:2021-07-19 08:07:33	thread:main	X-Track:	level:TRACE	logger:o.s.w.s.m.m.a.RequestMappingHandlerMapping      	message:
	c.e.a.a.c.U.UserController:
	{GET [/user/]}: viewProfile()
date:2021-07-19 08:07:33	thread:main	X-Track:	level:DEBUG	logger:o.s.w.s.m.m.a.RequestMappingHandlerMapping      	message:1 mappings in <unknown>
date:2021-07-19 08:07:34	thread:main	X-Track:	level:WARN 	logger:org.springframework.web.servlet.PageNotFound    	message:No mapping for GET /user
date:2021-07-19 08:09:15	thread:main	X-Track:	level:TRACE	logger:o.s.w.s.m.m.a.RequestMappingHandlerMapping      	message:
	c.e.a.a.c.U.UserController:
	{GET [/user/]}: viewProfile(Model)
date:2021-07-19 08:09:15	thread:main	X-Track:	level:DEBUG	logger:o.s.w.s.m.m.a.RequestMappingHandlerMapping      	message:1 mappings in <unknown>
date:2021-07-19 08:09:15	thread:main	X-Track:	level:WARN 	logger:org.springframework.web.servlet.PageNotFound    	message:No mapping for GET /user
date:2021-07-19 08:11:27	thread:main	X-Track:	level:TRACE	logger:o.s.w.s.m.m.a.RequestMappingHandlerMapping      	message:
	c.e.a.a.c.U.UserController:
	{GET [/user/]}: viewProfile(Model)
date:2021-07-19 08:11:27	thread:main	X-Track:	level:DEBUG	logger:o.s.w.s.m.m.a.RequestMappingHandlerMapping      	message:1 mappings in <unknown>
date:2021-07-19 08:11:27	thread:main	X-Track:	level:WARN 	logger:org.springframework.web.servlet.PageNotFound    	message:No mapping for GET /user
date:2021-07-19 08:16:05	thread:main	X-Track:	level:TRACE	logger:o.s.w.s.m.m.a.RequestMappingHandlerMapping      	message:
	c.e.a.a.c.U.UserController:
	{GET [/user]}: viewProfile(Model)
date:2021-07-19 08:16:05	thread:main	X-Track:	level:DEBUG	logger:o.s.w.s.m.m.a.RequestMappingHandlerMapping      	message:1 mappings in <unknown>
date:2021-07-19 08:16:05	thread:main	X-Track:	level:TRACE	logger:o.s.w.s.m.m.a.RequestMappingHandlerMapping      	message:Mapped to com.example.authority.app.controller.User.UserController#viewProfile(Model)
date:2021-07-19 08:33:34	thread:main	X-Track:	level:TRACE	logger:o.s.w.s.m.m.a.RequestMappingHandlerMapping      	message:
	c.e.a.a.c.A.AdminController:
	{[POST, GET] [/admin/permission/update]}: update(Model,HttpServletRequest)
	{GET [/admin]}: viewAdmin()
	{[POST, GET] [/admin/permission], params [user_id]}: updatePermission(Model,Integer)
	{[POST, GET] [/admin/permission], params [action && description && add]}: addPermission(Model,String,String)
	{GET [/food], params [addFood]}: CreateFood()
	{POST [/admin/permission], params [addPermission]}: formPermission()
	{GET [/admin/food]}: selectFood(Model)
	{[POST, GET] [/admin/permission]}: viewPermission(Model)
date:2021-07-19 08:33:34	thread:main	X-Track:	level:DEBUG	logger:o.s.w.s.m.m.a.RequestMappingHandlerMapping      	message:8 mappings in <unknown>
date:2021-07-19 08:33:34	thread:main	X-Track:	level:TRACE	logger:o.s.w.s.m.m.a.RequestMappingHandlerMapping      	message:Mapped to com.example.authority.app.controller.Adminstration.AdminController#viewAdmin()
