date:2021-07-20 10:29:36	thread:main	X-Track:	level:TRACE	logger:o.s.w.s.m.m.a.RequestMappingHandlerMapping      	message:
	c.e.a.a.c.A.AdminController:
	{[POST, GET] [/admin/permission/update]}: update(Model,HttpServletRequest)
	{GET [/admin]}: viewAdmin()
	{GET [/admin/food]}: selectFood(Model)
	{ [/admin/food], params [addFood]}: CreateFood(Model)
	{[GET, POST] [/admin/food], params [update_id]}: UpdateFoodForm(Model,Integer)
	{ [/admin/food], params [update && name && amount && category]}: UpdateFood(Model,Integer,String,Integer,Integer)
	{[POST, GET] [/admin/permission], params [user_id]}: updatePermission(Model,Integer)
	{POST [/admin/permission], params [addPermission]}: formPermission()
	{[POST, GET] [/admin/permission]}: viewPermission(Model)
	{[POST, GET] [/admin/permission], params [action && description && add]}: addPermission(Model,String,String)
	{ [/admin/food], params [add && name && amount && category]}: AddFood(Model,String,Integer,Integer)
	{POST [/admin/food], params [delete_id]}: DeleteFood(Model,Integer)
date:2021-07-20 10:29:36	thread:main	X-Track:	level:DEBUG	logger:o.s.w.s.m.m.a.RequestMappingHandlerMapping      	message:12 mappings in <unknown>
date:2021-07-20 10:29:37	thread:main	X-Track:	level:TRACE	logger:o.s.w.s.m.m.a.RequestMappingHandlerMapping      	message:Mapped to com.example.authority.app.controller.Adminstration.AdminController#selectFood(Model)
date:2021-07-20 10:29:37	thread:main	X-Track:	level:TRACE	logger:o.s.w.s.m.m.a.RequestMappingHandlerMapping      	message:
	c.e.a.a.c.A.AdminController:
	{[POST, GET] [/admin/permission/update]}: update(Model,HttpServletRequest)
	{GET [/admin]}: viewAdmin()
	{GET [/admin/food]}: selectFood(Model)
	{ [/admin/food], params [addFood]}: CreateFood(Model)
	{[GET, POST] [/admin/food], params [update_id]}: UpdateFoodForm(Model,Integer)
	{ [/admin/food], params [update && name && amount && category]}: UpdateFood(Model,Integer,String,Integer,Integer)
	{[POST, GET] [/admin/permission], params [user_id]}: updatePermission(Model,Integer)
	{POST [/admin/permission], params [addPermission]}: formPermission()
	{[POST, GET] [/admin/permission]}: viewPermission(Model)
	{[POST, GET] [/admin/permission], params [action && description && add]}: addPermission(Model,String,String)
	{ [/admin/food], params [add && name && amount && category]}: AddFood(Model,String,Integer,Integer)
	{POST [/admin/food], params [delete_id]}: DeleteFood(Model,Integer)
date:2021-07-20 10:29:37	thread:main	X-Track:	level:DEBUG	logger:o.s.w.s.m.m.a.RequestMappingHandlerMapping      	message:12 mappings in <unknown>
date:2021-07-20 10:29:37	thread:main	X-Track:	level:TRACE	logger:o.s.w.s.m.m.a.RequestMappingHandlerMapping      	message:Mapped to com.example.authority.app.controller.Adminstration.AdminController#viewAdmin()
date:2021-07-20 10:29:37	thread:main	X-Track:	level:TRACE	logger:o.s.w.s.m.m.a.RequestMappingHandlerMapping      	message:
	c.e.a.a.c.A.AdminController:
	{[POST, GET] [/admin/permission/update]}: update(Model,HttpServletRequest)
	{GET [/admin]}: viewAdmin()
	{GET [/admin/food]}: selectFood(Model)
	{ [/admin/food], params [addFood]}: CreateFood(Model)
	{[GET, POST] [/admin/food], params [update_id]}: UpdateFoodForm(Model,Integer)
	{ [/admin/food], params [update && name && amount && category]}: UpdateFood(Model,Integer,String,Integer,Integer)
	{[POST, GET] [/admin/permission], params [user_id]}: updatePermission(Model,Integer)
	{POST [/admin/permission], params [addPermission]}: formPermission()
	{[POST, GET] [/admin/permission]}: viewPermission(Model)
	{[POST, GET] [/admin/permission], params [action && description && add]}: addPermission(Model,String,String)
	{ [/admin/food], params [add && name && amount && category]}: AddFood(Model,String,Integer,Integer)
	{POST [/admin/food], params [delete_id]}: DeleteFood(Model,Integer)
date:2021-07-20 10:29:37	thread:main	X-Track:	level:DEBUG	logger:o.s.w.s.m.m.a.RequestMappingHandlerMapping      	message:12 mappings in <unknown>
date:2021-07-20 10:29:37	thread:main	X-Track:	level:TRACE	logger:o.s.w.s.m.m.a.RequestMappingHandlerMapping      	message:2 matching mappings: [{ [/admin/food], params [addFood]}, {GET [/admin/food]}]
date:2021-07-20 10:29:37	thread:main	X-Track:	level:TRACE	logger:o.s.w.s.m.m.a.RequestMappingHandlerMapping      	message:Mapped to com.example.authority.app.controller.Adminstration.AdminController#CreateFood(Model)
date:2021-07-20 10:30:07	thread:main	X-Track:	level:TRACE	logger:o.s.w.s.m.m.a.RequestMappingHandlerMapping      	message:
	c.e.a.a.c.A.AdminController:
	{[POST, GET] [/admin/permission/update]}: update(Model,HttpServletRequest)
	{[POST, GET] [/admin/permission], params [action && description && add]}: addPermission(Model,String,String)
	{ [/admin/food], params [add && name && amount && category]}: AddFood(Model,String,Integer,Integer)
	{GET [/admin]}: viewAdmin()
	{GET [/admin/food]}: selectFood(Model)
	{ [/admin/food], params [addFood]}: CreateFood(Model)
	{[POST, GET] [/admin/permission], params [user_id]}: updatePermission(Model,Integer)
	{[GET, POST] [/admin/food], params [update_id]}: UpdateFoodForm(Model,Integer)
	{ [/admin/food], params [update && name && amount && category]}: UpdateFood(Model,Integer,String,Integer,Integer)
	{[POST, GET] [/admin/permission]}: viewPermission(Model)
	{POST [/admin/food], params [delete_id]}: DeleteFood(Model,Integer)
	{POST [/admin/permission], params [addPermission]}: formPermission()
date:2021-07-20 10:30:07	thread:main	X-Track:	level:DEBUG	logger:o.s.w.s.m.m.a.RequestMappingHandlerMapping      	message:12 mappings in <unknown>
date:2021-07-20 10:30:08	thread:main	X-Track:	level:TRACE	logger:o.s.w.s.m.m.a.RequestMappingHandlerMapping      	message:Mapped to com.example.authority.app.controller.Adminstration.AdminController#selectFood(Model)
date:2021-07-20 10:30:08	thread:main	X-Track:	level:TRACE	logger:o.s.w.s.m.m.a.RequestMappingHandlerMapping      	message:
	c.e.a.a.c.A.AdminController:
	{[POST, GET] [/admin/permission/update]}: update(Model,HttpServletRequest)
	{[POST, GET] [/admin/permission], params [action && description && add]}: addPermission(Model,String,String)
	{ [/admin/food], params [add && name && amount && category]}: AddFood(Model,String,Integer,Integer)
	{GET [/admin]}: viewAdmin()
	{GET [/admin/food]}: selectFood(Model)
	{ [/admin/food], params [addFood]}: CreateFood(Model)
	{[POST, GET] [/admin/permission], params [user_id]}: updatePermission(Model,Integer)
	{[GET, POST] [/admin/food], params [update_id]}: UpdateFoodForm(Model,Integer)
	{ [/admin/food], params [update && name && amount && category]}: UpdateFood(Model,Integer,String,Integer,Integer)
	{[POST, GET] [/admin/permission]}: viewPermission(Model)
	{POST [/admin/food], params [delete_id]}: DeleteFood(Model,Integer)
	{POST [/admin/permission], params [addPermission]}: formPermission()
date:2021-07-20 10:30:08	thread:main	X-Track:	level:DEBUG	logger:o.s.w.s.m.m.a.RequestMappingHandlerMapping      	message:12 mappings in <unknown>
date:2021-07-20 10:30:08	thread:main	X-Track:	level:TRACE	logger:o.s.w.s.m.m.a.RequestMappingHandlerMapping      	message:Mapped to com.example.authority.app.controller.Adminstration.AdminController#viewAdmin()
date:2021-07-20 10:30:08	thread:main	X-Track:	level:TRACE	logger:o.s.w.s.m.m.a.RequestMappingHandlerMapping      	message:
	c.e.a.a.c.A.AdminController:
	{[POST, GET] [/admin/permission/update]}: update(Model,HttpServletRequest)
	{[POST, GET] [/admin/permission], params [action && description && add]}: addPermission(Model,String,String)
	{ [/admin/food], params [add && name && amount && category]}: AddFood(Model,String,Integer,Integer)
	{GET [/admin]}: viewAdmin()
	{GET [/admin/food]}: selectFood(Model)
	{ [/admin/food], params [addFood]}: CreateFood(Model)
	{[POST, GET] [/admin/permission], params [user_id]}: updatePermission(Model,Integer)
	{[GET, POST] [/admin/food], params [update_id]}: UpdateFoodForm(Model,Integer)
	{ [/admin/food], params [update && name && amount && category]}: UpdateFood(Model,Integer,String,Integer,Integer)
	{[POST, GET] [/admin/permission]}: viewPermission(Model)
	{POST [/admin/food], params [delete_id]}: DeleteFood(Model,Integer)
	{POST [/admin/permission], params [addPermission]}: formPermission()
date:2021-07-20 10:30:08	thread:main	X-Track:	level:DEBUG	logger:o.s.w.s.m.m.a.RequestMappingHandlerMapping      	message:12 mappings in <unknown>
date:2021-07-20 10:30:08	thread:main	X-Track:	level:TRACE	logger:o.s.w.s.m.m.a.RequestMappingHandlerMapping      	message:2 matching mappings: [{ [/admin/food], params [addFood]}, {GET [/admin/food]}]
date:2021-07-20 10:30:08	thread:main	X-Track:	level:TRACE	logger:o.s.w.s.m.m.a.RequestMappingHandlerMapping      	message:Mapped to com.example.authority.app.controller.Adminstration.AdminController#CreateFood(Model)
date:2021-07-20 10:38:50	thread:main	X-Track:	level:TRACE	logger:o.s.w.s.m.m.a.RequestMappingHandlerMapping      	message:
	c.e.a.a.c.A.AdminController:
	{[POST, GET] [/admin/permission/update]}: update(Model,HttpServletRequest)
	{ [/admin/food], params [addFood]}: CreateFood(Model)
	{GET [/admin/food]}: selectFood(Model)
	{GET [/admin]}: viewAdmin()
	{ [/admin/food], params [add && name && amount && category]}: AddFood(Model,String,Integer,Integer)
	{[POST, GET] [/admin/permission], params [action && description && add]}: addPermission(Model,String,String)
	{[POST, GET] [/admin/permission], params [user_id]}: updatePermission(Model,Integer)
	{POST [/admin/permission], params [addPermission]}: formPermission()
	{POST [/admin/food], params [delete_id]}: DeleteFood(Model,Integer)
	{ [/admin/food], params [update && name && amount && category]}: UpdateFood(Model,Integer,String,Integer,Integer)
	{[POST, GET] [/admin/permission]}: viewPermission(Model)
	{[GET, POST] [/admin/food], params [update_id]}: UpdateFoodForm(Model,Integer)
date:2021-07-20 10:38:50	thread:main	X-Track:	level:DEBUG	logger:o.s.w.s.m.m.a.RequestMappingHandlerMapping      	message:12 mappings in <unknown>
date:2021-07-20 10:38:50	thread:main	X-Track:	level:TRACE	logger:o.s.w.s.m.m.a.RequestMappingHandlerMapping      	message:2 matching mappings: [{ [/admin/food], params [addFood]}, {GET [/admin/food]}]
date:2021-07-20 10:38:50	thread:main	X-Track:	level:TRACE	logger:o.s.w.s.m.m.a.RequestMappingHandlerMapping      	message:Mapped to com.example.authority.app.controller.Adminstration.AdminController#CreateFood(Model)
date:2021-07-20 10:43:37	thread:main	X-Track:	level:TRACE	logger:o.s.w.s.m.m.a.RequestMappingHandlerMapping      	message:
	c.e.a.a.c.A.AdminController:
	{[POST, GET] [/admin/permission/update]}: update(Model,HttpServletRequest)
	{GET [/admin/food]}: selectFood(Model)
	{GET [/admin]}: viewAdmin()
	{ [/admin/food], params [addFood]}: CreateFood(Model)
	{[POST, GET] [/admin/permission]}: viewPermission(Model)
	{POST [/admin/food], params [delete_id]}: DeleteFood(Model,Integer)
	{ [/admin/food], params [add && name && amount && category]}: AddFood(Model,String,Integer,Integer)
	{[GET, POST] [/admin/food], params [update_id]}: UpdateFoodForm(Model,Integer)
	{[POST, GET] [/admin/permission], params [action && description && add]}: addPermission(Model,String,String)
	{POST [/admin/permission], params [addPermission]}: formPermission()
	{ [/admin/food], params [update && name && amount && category]}: UpdateFood(Model,Integer,String,Integer,Integer)
	{[POST, GET] [/admin/permission], params [user_id]}: updatePermission(Model,Integer)
date:2021-07-20 10:43:37	thread:main	X-Track:	level:DEBUG	logger:o.s.w.s.m.m.a.RequestMappingHandlerMapping      	message:12 mappings in <unknown>
date:2021-07-20 10:43:37	thread:main	X-Track:	level:WARN 	logger:o.s.w.s.m.s.DefaultHandlerExceptionResolver     	message:Resolved [org.springframework.web.bind.UnsatisfiedServletRequestParameterException: Parameter conditions "delete_id" OR "add, name, amount, category" OR "addFood" OR "update, name, amount, category" OR "update_id" not met for actual request parameters: {'add','name','amount','category'}={{'','gà rán','10000','3'}}]
date:2021-07-20 10:48:32	thread:main	X-Track:	level:TRACE	logger:o.s.w.s.m.m.a.RequestMappingHandlerMapping      	message:
	c.e.a.a.c.A.AdminController:
	{[POST, GET] [/admin/permission/update]}: update(Model,HttpServletRequest)
	{GET [/admin/food]}: selectFood(Model)
	{GET [/admin]}: viewAdmin()
	{ [/admin/food], params [addFood]}: CreateFood(Model)
	{ [/admin/food], params [add && name && amount && category]}: AddFood(Model,String,Integer,Integer)
	{ [/admin/food], params [update && name && amount && category]}: UpdateFood(Model,Integer,String,Integer,Integer)
	{[POST, GET] [/admin/permission], params [action && description && add]}: addPermission(Model,String,String)
	{[POST, GET] [/admin/permission]}: viewPermission(Model)
	{POST [/admin/permission], params [addPermission]}: formPermission()
	{[POST, GET] [/admin/permission], params [user_id]}: updatePermission(Model,Integer)
	{[GET, POST] [/admin/food], params [update_id]}: UpdateFoodForm(Model,Integer)
	{POST [/admin/food], params [delete_id]}: DeleteFood(Model,Integer)
date:2021-07-20 10:48:32	thread:main	X-Track:	level:DEBUG	logger:o.s.w.s.m.m.a.RequestMappingHandlerMapping      	message:12 mappings in <unknown>
date:2021-07-20 10:49:18	thread:main	X-Track:	level:TRACE	logger:o.s.w.s.m.m.a.RequestMappingHandlerMapping      	message:
	c.e.a.a.c.A.AdminController:
	{[POST, GET] [/admin/permission/update]}: update(Model,HttpServletRequest)
	{GET [/admin/food]}: selectFood(Model)
	{GET [/admin]}: viewAdmin()
	{ [/admin/food], params [addFood]}: CreateFood(Model)
	{ [/admin/food], params [add && name && amount && category]}: AddFood(Model,String,Integer,Integer)
	{[POST, GET] [/admin/permission]}: viewPermission(Model)
	{ [/admin/food], params [update && name && amount && category]}: UpdateFood(Model,Integer,String,Integer,Integer)
	{POST [/admin/permission], params [addPermission]}: formPermission()
	{[GET, POST] [/admin/food], params [update_id]}: UpdateFoodForm(Model,Integer)
	{[POST, GET] [/admin/permission], params [action && description && add]}: addPermission(Model,String,String)
	{[POST, GET] [/admin/permission], params [user_id]}: updatePermission(Model,Integer)
	{POST [/admin/food], params [delete_id]}: DeleteFood(Model,Integer)
date:2021-07-20 10:49:18	thread:main	X-Track:	level:DEBUG	logger:o.s.w.s.m.m.a.RequestMappingHandlerMapping      	message:12 mappings in <unknown>
date:2021-07-20 10:50:14	thread:main	X-Track:	level:TRACE	logger:o.s.w.s.m.m.a.RequestMappingHandlerMapping      	message:
	c.e.a.a.c.A.AdminController:
	{[POST, GET] [/admin/permission/update]}: update(Model,HttpServletRequest)
	{ [/admin/food], params [addFood]}: CreateFood(Model)
	{GET [/admin]}: viewAdmin()
	{GET [/admin/food]}: selectFood(Model)
	{POST [/admin/food], params [delete_id]}: DeleteFood(Model,Integer)
	{[GET, POST] [/admin/food], params [update_id]}: UpdateFoodForm(Model,Integer)
	{[POST, GET] [/admin/permission], params [user_id]}: updatePermission(Model,Integer)
	{ [/admin/food], params [update && name && amount && category]}: UpdateFood(Model,Integer,String,Integer,Integer)
	{[POST, GET] [/admin/permission], params [action && description && add]}: addPermission(Model,String,String)
	{POST [/admin/permission], params [addPermission]}: formPermission()
	{[POST, GET] [/admin/permission]}: viewPermission(Model)
	{ [/admin/food], params [add && name && amount && category]}: AddFood(Model,String,Integer,Integer)
date:2021-07-20 10:50:14	thread:main	X-Track:	level:DEBUG	logger:o.s.w.s.m.m.a.RequestMappingHandlerMapping      	message:12 mappings in <unknown>
date:2021-07-20 10:50:27	thread:main	X-Track:	level:TRACE	logger:o.s.w.s.m.m.a.RequestMappingHandlerMapping      	message:
	c.e.a.a.c.A.AdminController:
	{[POST, GET] [/admin/permission/update]}: update(Model,HttpServletRequest)
	{ [/admin/food], params [addFood]}: CreateFood(Model)
	{GET [/admin/food]}: selectFood(Model)
	{GET [/admin]}: viewAdmin()
	{ [/admin/food], params [add && name && amount && category]}: AddFood(Model,String,Integer,Integer)
	{[POST, GET] [/admin/permission], params [user_id]}: updatePermission(Model,Integer)
	{[GET, POST] [/admin/food], params [update_id]}: UpdateFoodForm(Model,Integer)
	{[POST, GET] [/admin/permission]}: viewPermission(Model)
	{POST [/admin/permission], params [addPermission]}: formPermission()
	{POST [/admin/food], params [delete_id]}: DeleteFood(Model,Integer)
	{[POST, GET] [/admin/permission], params [action && description && add]}: addPermission(Model,String,String)
	{ [/admin/food], params [update && name && amount && category]}: UpdateFood(Model,Integer,String,Integer,Integer)
date:2021-07-20 10:50:27	thread:main	X-Track:	level:DEBUG	logger:o.s.w.s.m.m.a.RequestMappingHandlerMapping      	message:12 mappings in <unknown>
date:2021-07-20 10:50:28	thread:main	X-Track:	level:WARN 	logger:o.s.w.s.m.s.DefaultHandlerExceptionResolver     	message:Resolved [org.springframework.web.bind.UnsatisfiedServletRequestParameterException: Parameter conditions "add, name, amount, category" OR "delete_id" OR "addFood" OR "update, name, amount, category" OR "update_id" not met for actual request parameters: {'add','name','amount','category'}={{'','gà rán','10000','3'}}]
date:2021-07-20 10:51:10	thread:main	X-Track:	level:TRACE	logger:o.s.w.s.m.m.a.RequestMappingHandlerMapping      	message:
	c.e.a.a.c.A.AdminController:
	{[POST, GET] [/admin/permission/update]}: update(Model,HttpServletRequest)
	{GET [/admin]}: viewAdmin()
	{GET [/admin/food]}: selectFood(Model)
	{ [/admin/food], params [addFood]}: CreateFood(Model)
	{POST [/admin/food], params [delete_id]}: DeleteFood(Model,Integer)
	{ [/admin/food], params [update && name && amount && category]}: UpdateFood(Model,Integer,String,Integer,Integer)
	{POST [/admin/permission], params [addPermission]}: formPermission()
	{[POST, GET] [/admin/permission], params [action && description && add]}: addPermission(Model,String,String)
	{ [/admin/food], params [add && name && amount && category]}: AddFood(Model,String,Integer,Integer)
	{[GET, POST] [/admin/food], params [update_id]}: UpdateFoodForm(Model,Integer)
	{[POST, GET] [/admin/permission]}: viewPermission(Model)
	{[POST, GET] [/admin/permission], params [user_id]}: updatePermission(Model,Integer)
date:2021-07-20 10:51:10	thread:main	X-Track:	level:DEBUG	logger:o.s.w.s.m.m.a.RequestMappingHandlerMapping      	message:12 mappings in <unknown>
date:2021-07-20 10:51:44	thread:main	X-Track:	level:TRACE	logger:o.s.w.s.m.m.a.RequestMappingHandlerMapping      	message:
	c.e.a.a.c.A.AdminController:
	{[POST, GET] [/admin/permission/update]}: update(Model,HttpServletRequest)
	{GET [/admin/food]}: selectFood(Model)
	{ [/admin/food], params [addFood]}: CreateFood(Model)
	{GET [/admin]}: viewAdmin()
	{POST [/admin/food], params [delete_id]}: DeleteFood(Model,Integer)
	{ [/admin/food], params [add && name && amount && category]}: AddFood(Model,String,Integer,Integer)
	{ [/admin/food], params [update && name && amount && category]}: UpdateFood(Model,Integer,String,Integer,Integer)
	{[POST, GET] [/admin/permission], params [user_id]}: updatePermission(Model,Integer)
	{[GET, POST] [/admin/food], params [update_id]}: UpdateFoodForm(Model,Integer)
	{POST [/admin/permission], params [addPermission]}: formPermission()
	{[POST, GET] [/admin/permission]}: viewPermission(Model)
	{[POST, GET] [/admin/permission], params [action && description && add]}: addPermission(Model,String,String)
date:2021-07-20 10:51:44	thread:main	X-Track:	level:DEBUG	logger:o.s.w.s.m.m.a.RequestMappingHandlerMapping      	message:12 mappings in <unknown>
date:2021-07-20 10:51:48	thread:main	X-Track:	level:TRACE	logger:o.s.w.s.m.m.a.RequestMappingHandlerMapping      	message:
	c.e.a.a.c.A.AdminController:
	{[POST, GET] [/admin/permission/update]}: update(Model,HttpServletRequest)
	{GET [/admin/food]}: selectFood(Model)
	{ [/admin/food], params [addFood]}: CreateFood(Model)
	{GET [/admin]}: viewAdmin()
	{[GET, POST] [/admin/food], params [update_id]}: UpdateFoodForm(Model,Integer)
	{ [/admin/food], params [add && name && amount && category]}: AddFood(Model,String,Integer,Integer)
	{[POST, GET] [/admin/permission], params [action && description && add]}: addPermission(Model,String,String)
	{[POST, GET] [/admin/permission]}: viewPermission(Model)
	{[POST, GET] [/admin/permission], params [user_id]}: updatePermission(Model,Integer)
	{POST [/admin/food], params [delete_id]}: DeleteFood(Model,Integer)
	{POST [/admin/permission], params [addPermission]}: formPermission()
	{ [/admin/food], params [update && name && amount && category]}: UpdateFood(Model,Integer,String,Integer,Integer)
date:2021-07-20 10:51:48	thread:main	X-Track:	level:DEBUG	logger:o.s.w.s.m.m.a.RequestMappingHandlerMapping      	message:12 mappings in <unknown>
date:2021-07-20 10:58:00	thread:main	X-Track:	level:TRACE	logger:o.s.w.s.m.m.a.RequestMappingHandlerMapping      	message:
	c.e.a.a.c.A.AdminController:
	{[POST, GET] [/admin/permission/update]}: update(Model,HttpServletRequest)
	{GET [/admin/food]}: selectFood(Model)
	{ [/admin/food], params [addFood]}: CreateFood(Model)
	{GET [/admin]}: viewAdmin()
	{[GET, POST] [/admin/food], params [update_id]}: UpdateFoodForm(Model,Integer)
	{[POST, GET] [/admin/permission], params [user_id]}: updatePermission(Model,Integer)
	{POST [/admin/food], params [delete_id]}: DeleteFood(Model,Integer)
	{ [/admin/food], params [update && name && amount && category]}: UpdateFood(Model,Integer,String,Integer,Integer)
	{[POST, GET] [/admin/permission], params [action && description && add]}: addPermission(Model,String,String)
	{[POST, GET] [/admin/permission]}: viewPermission(Model)
	{POST [/admin/permission], params [addPermission]}: formPermission()
	{ [/admin/food], params [add && name && amount && category]}: AddFood(Model,String,Integer,Integer)
date:2021-07-20 10:58:00	thread:main	X-Track:	level:DEBUG	logger:o.s.w.s.m.m.a.RequestMappingHandlerMapping      	message:12 mappings in <unknown>
date:2021-07-20 10:58:00	thread:main	X-Track:	level:WARN 	logger:o.s.w.s.m.s.DefaultHandlerExceptionResolver     	message:Resolved [org.springframework.web.bind.UnsatisfiedServletRequestParameterException: Parameter conditions "delete_id" OR "add, name, amount, category" OR "addFood" OR "update, name, amount, category" OR "update_id" not met for actual request parameters: {'add','name','amount','category'}={{'','gà rán','10000','3'}}]
date:2021-07-20 10:58:38	thread:main	X-Track:	level:TRACE	logger:o.s.w.s.m.m.a.RequestMappingHandlerMapping      	message:
	c.e.a.a.c.A.AdminController:
	{[POST, GET] [/admin/permission/update]}: update(Model,HttpServletRequest)
	{ [/admin/food], params [addFood]}: CreateFood(Model)
	{GET [/admin]}: viewAdmin()
	{GET [/admin/food]}: selectFood(Model)
	{ [/admin/food], params [update && name && amount && category]}: UpdateFood(Model,Integer,String,Integer,Integer)
	{POST [/admin/permission], params [addPermission]}: formPermission()
	{[POST, GET] [/admin/permission], params [user_id]}: updatePermission(Model,Integer)
	{POST [/admin/food], params [delete_id]}: DeleteFood(Model,Integer)
	{ [/admin/food], params [add && name && amount && category]}: AddFood(Model,String,Integer,Integer)
	{[GET, POST] [/admin/food], params [update_id]}: UpdateFoodForm(Model,Integer)
	{[POST, GET] [/admin/permission]}: viewPermission(Model)
	{[POST, GET] [/admin/permission], params [action && description && add]}: addPermission(Model,String,String)
date:2021-07-20 10:58:38	thread:main	X-Track:	level:DEBUG	logger:o.s.w.s.m.m.a.RequestMappingHandlerMapping      	message:12 mappings in <unknown>
date:2021-07-20 10:58:39	thread:main	X-Track:	level:WARN 	logger:o.s.w.s.m.s.DefaultHandlerExceptionResolver     	message:Resolved [org.springframework.web.bind.UnsatisfiedServletRequestParameterException: Parameter conditions "delete_id" OR "add, name, amount, category" OR "addFood" OR "update, name, amount, category" OR "update_id" not met for actual request parameters: {'add','name','amount','category'}={{'','gà rán','10000','3'}}]
date:2021-07-20 11:03:20	thread:main	X-Track:	level:TRACE	logger:o.s.w.s.m.m.a.RequestMappingHandlerMapping      	message:
	c.e.a.a.c.A.AdminController:
	{[POST, GET] [/admin/permission/update]}: update(Model,HttpServletRequest)
	{GET [/admin]}: viewAdmin()
	{ [/admin/food], params [addFood]}: CreateFood(Model)
	{GET [/admin/food]}: selectFood(Model)
	{[POST, GET] [/admin/permission]}: viewPermission(Model)
	{ [/admin/food], params [add && name && amount && category]}: AddFood(Model,String,Integer,Integer)
	{[GET, POST] [/admin/food], params [update_id]}: UpdateFoodForm(Model,Integer)
	{POST [/admin/food], params [delete_id]}: DeleteFood(Model,Integer)
	{ [/admin/food], params [update && name && amount && category]}: UpdateFood(Model,Integer,String,Integer,Integer)
	{POST [/admin/permission], params [addPermission]}: formPermission()
	{[POST, GET] [/admin/permission], params [action && description && add]}: addPermission(Model,String,String)
	{[POST, GET] [/admin/permission], params [user_id]}: updatePermission(Model,Integer)
date:2021-07-20 11:03:20	thread:main	X-Track:	level:DEBUG	logger:o.s.w.s.m.m.a.RequestMappingHandlerMapping      	message:12 mappings in <unknown>
date:2021-07-20 11:03:20	thread:main	X-Track:	level:WARN 	logger:o.s.w.s.m.s.DefaultHandlerExceptionResolver     	message:Resolved [org.springframework.web.bind.UnsatisfiedServletRequestParameterException: Parameter conditions "add, name, amount, category" OR "delete_id" OR "addFood" OR "update, name, amount, category" OR "update_id" not met for actual request parameters: {'add','name','amount','category'}={{'','gà rán','10000','3'}}]
date:2021-07-20 11:06:35	thread:main	X-Track:	level:TRACE	logger:o.s.w.s.m.m.a.RequestMappingHandlerMapping      	message:
	c.e.a.a.c.A.AdminController:
	{[POST, GET] [/admin/permission/update]}: update(Model,HttpServletRequest)
	{GET [/admin/food]}: selectFood(Model)
	{ [/admin/food], params [addFood]}: CreateFood(Model)
	{GET [/admin]}: viewAdmin()
	{[GET, POST] [/admin/food], params [update_id]}: UpdateFoodForm(Model,Integer)
	{[POST, GET] [/admin/permission]}: viewPermission(Model)
	{ [/admin/food], params [update && name && amount && category]}: UpdateFood(Model,Integer,String,Integer,Integer)
	{POST [/admin/permission], params [addPermission]}: formPermission()
	{[POST, GET] [/admin/permission], params [user_id]}: updatePermission(Model,Integer)
	{POST [/admin/food], params [delete_id]}: DeleteFood(Model,Integer)
	{ [/admin/food], params [add && name && amount && category]}: AddFood(Model,String,Integer,Integer)
	{[POST, GET] [/admin/permission], params [action && description && add]}: addPermission(Model,String,String)
date:2021-07-20 11:06:35	thread:main	X-Track:	level:DEBUG	logger:o.s.w.s.m.m.a.RequestMappingHandlerMapping      	message:12 mappings in <unknown>
date:2021-07-20 11:06:35	thread:main	X-Track:	level:TRACE	logger:o.s.w.s.m.m.a.RequestMappingHandlerMapping      	message:Mapped to com.example.authority.app.controller.Adminstration.AdminController#DeleteFood(Model, Integer)
date:2021-07-20 11:07:00	thread:main	X-Track:	level:TRACE	logger:o.s.w.s.m.m.a.RequestMappingHandlerMapping      	message:
	c.e.a.a.c.A.AdminController:
	{[POST, GET] [/admin/permission/update]}: update(Model,HttpServletRequest)
	{GET [/admin/food]}: selectFood(Model)
	{GET [/admin]}: viewAdmin()
	{ [/admin/food], params [addFood]}: CreateFood(Model)
	{[POST, GET] [/admin/permission], params [action && description && add]}: addPermission(Model,String,String)
	{[POST, GET] [/admin/permission], params [user_id]}: updatePermission(Model,Integer)
	{ [/admin/food], params [add && name && amount && category]}: AddFood(Model,String,Integer,Integer)
	{[GET, POST] [/admin/food], params [update_id]}: UpdateFoodForm(Model,Integer)
	{[POST, GET] [/admin/permission]}: viewPermission(Model)
	{POST [/admin/permission], params [addPermission]}: formPermission()
	{POST [/admin/food], params [delete_id]}: DeleteFood(Model,Integer)
	{ [/admin/food], params [update && name && amount && category]}: UpdateFood(Model,Integer,String,Integer,Integer)
date:2021-07-20 11:07:00	thread:main	X-Track:	level:DEBUG	logger:o.s.w.s.m.m.a.RequestMappingHandlerMapping      	message:12 mappings in <unknown>
date:2021-07-20 11:07:00	thread:main	X-Track:	level:TRACE	logger:o.s.w.s.m.m.a.RequestMappingHandlerMapping      	message:Mapped to com.example.authority.app.controller.Adminstration.AdminController#DeleteFood(Model, Integer)
date:2021-07-20 11:14:16	thread:main	X-Track:	level:TRACE	logger:o.s.w.s.m.m.a.RequestMappingHandlerMapping      	message:
	c.e.a.a.c.A.AdminController:
	{[POST, GET] [/admin/permission/update]}: update(Model,HttpServletRequest)
	{GET [/admin]}: viewAdmin()
	{ [/admin/food], params [addFood]}: CreateFood(Model)
	{GET [/admin/food]}: selectFood(Model)
	{POST [/admin/food], params [delete_id]}: DeleteFood(Model,Integer)
	{[POST, GET] [/admin/permission], params [user_id]}: updatePermission(Model,Integer)
	{ [/admin/food], params [add && name && amount && category]}: AddFood(Model,String,Integer,Integer)
	{[POST, GET] [/admin/permission], params [action && description && add]}: addPermission(Model,String,String)
	{ [/admin/food], params [update && name && amount && category]}: UpdateFood(Model,Integer,String,Integer,Integer)
	{[GET, POST] [/admin/food], params [update_id]}: UpdateFoodForm(Model,Integer)
	{[POST, GET] [/admin/permission]}: viewPermission(Model)
	{POST [/admin/permission], params [addPermission]}: formPermission()
date:2021-07-20 11:14:16	thread:main	X-Track:	level:DEBUG	logger:o.s.w.s.m.m.a.RequestMappingHandlerMapping      	message:12 mappings in <unknown>
date:2021-07-20 11:14:16	thread:main	X-Track:	level:WARN 	logger:o.s.w.s.m.s.DefaultHandlerExceptionResolver     	message:Resolved [org.springframework.web.bind.UnsatisfiedServletRequestParameterException: Parameter conditions "delete_id" OR "add, name, amount, category" OR "addFood" OR "update, name, amount, category" OR "update_id" not met for actual request parameters: {'update_id','name','amount','category'}={{'2','gà rán','10000','3'}}]
date:2021-07-20 11:14:40	thread:main	X-Track:	level:TRACE	logger:o.s.w.s.m.m.a.RequestMappingHandlerMapping      	message:
	c.e.a.a.c.A.AdminController:
	{[POST, GET] [/admin/permission/update]}: update(Model,HttpServletRequest)
	{ [/admin/food], params [addFood]}: CreateFood(Model)
	{GET [/admin]}: viewAdmin()
	{GET [/admin/food]}: selectFood(Model)
	{[POST, GET] [/admin/permission]}: viewPermission(Model)
	{POST [/admin/permission], params [addPermission]}: formPermission()
	{[POST, GET] [/admin/permission], params [action && description && add]}: addPermission(Model,String,String)
	{ [/admin/food], params [update && name && amount && category]}: UpdateFood(Model,Integer,String,Integer,Integer)
	{POST [/admin/food], params [delete_id]}: DeleteFood(Model,Integer)
	{[POST, GET] [/admin/permission], params [user_id]}: updatePermission(Model,Integer)
	{[GET, POST] [/admin/food], params [update_id]}: UpdateFoodForm(Model,Integer)
	{ [/admin/food], params [add && name && amount && category]}: AddFood(Model,String,Integer,Integer)
date:2021-07-20 11:14:40	thread:main	X-Track:	level:DEBUG	logger:o.s.w.s.m.m.a.RequestMappingHandlerMapping      	message:12 mappings in <unknown>
date:2021-07-20 11:14:40	thread:main	X-Track:	level:WARN 	logger:o.s.w.s.m.s.DefaultHandlerExceptionResolver     	message:Resolved [org.springframework.web.bind.UnsatisfiedServletRequestParameterException: Parameter conditions "delete_id" OR "add, name, amount, category" OR "addFood" OR "update, name, amount, category" OR "update_id" not met for actual request parameters: {'update_id','name','amount','category'}={{'2','gà rán','10000','3'}}]
date:2021-07-20 11:17:59	thread:main	X-Track:	level:TRACE	logger:o.s.w.s.m.m.a.RequestMappingHandlerMapping      	message:
	c.e.a.a.c.A.AdminController:
	{[POST, GET] [/admin/permission/update]}: update(Model,HttpServletRequest)
	{GET [/admin]}: viewAdmin()
	{GET [/admin/food]}: selectFood(Model)
	{ [/admin/food], params [addFood]}: CreateFood(Model)
	{POST [/admin/food], params [delete_id]}: DeleteFood(Model,Integer)
	{[POST, GET] [/admin/permission], params [user_id]}: updatePermission(Model,Integer)
	{ [/admin/food], params [add && name && amount && category]}: AddFood(Model,String,Integer,Integer)
	{[POST, GET] [/admin/permission]}: viewPermission(Model)
	{[GET, POST] [/admin/food], params [update_id]}: UpdateFoodForm(Model,Integer)
	{[POST, GET] [/admin/permission], params [action && description && add]}: addPermission(Model,String,String)
	{ [/admin/food], params [update && name && amount && category]}: UpdateFood(Model,Integer,String,Integer,Integer)
	{POST [/admin/permission], params [addPermission]}: formPermission()
date:2021-07-20 11:17:59	thread:main	X-Track:	level:DEBUG	logger:o.s.w.s.m.m.a.RequestMappingHandlerMapping      	message:12 mappings in <unknown>
date:2021-07-20 11:17:59	thread:main	X-Track:	level:WARN 	logger:o.s.w.s.m.s.DefaultHandlerExceptionResolver     	message:Resolved [org.springframework.web.bind.UnsatisfiedServletRequestParameterException: Parameter conditions "delete_id" OR "add, name, amount, category" OR "addFood" OR "update, name, amount, category" OR "update_id" not met for actual request parameters: {'update_id','name','amount','category'}={{'2','gà rán','10000','3'}}]
date:2021-07-20 11:19:04	thread:main	X-Track:	level:TRACE	logger:o.s.w.s.m.m.a.RequestMappingHandlerMapping      	message:
	c.e.a.a.c.A.AdminController:
	{[POST, GET] [/admin/permission/update]}: update(Model,HttpServletRequest)
	{ [/admin/food], params [addFood]}: CreateFood(Model)
	{GET [/admin]}: viewAdmin()
	{GET [/admin/food]}: selectFood(Model)
	{[POST, GET] [/admin/permission], params [action && description && add]}: addPermission(Model,String,String)
	{[GET, POST] [/admin/food], params [update_id]}: UpdateFoodForm(Model,Integer)
	{[POST, GET] [/admin/permission], params [user_id]}: updatePermission(Model,Integer)
	{[POST, GET] [/admin/permission]}: viewPermission(Model)
	{ [/admin/food], params [add && name && amount && category]}: AddFood(Model,String,Integer,Integer)
	{ [/admin/food], params [update && name && amount && category]}: UpdateFood(Model,Integer,String,Integer,Integer)
	{POST [/admin/permission], params [addPermission]}: formPermission()
	{POST [/admin/food], params [delete_id]}: DeleteFood(Model,Integer)
date:2021-07-20 11:19:04	thread:main	X-Track:	level:DEBUG	logger:o.s.w.s.m.m.a.RequestMappingHandlerMapping      	message:12 mappings in <unknown>
date:2021-07-20 11:19:05	thread:main	X-Track:	level:WARN 	logger:o.s.w.s.m.s.DefaultHandlerExceptionResolver     	message:Resolved [org.springframework.web.bind.UnsatisfiedServletRequestParameterException: Parameter conditions "add, name, amount, category" OR "delete_id" OR "addFood" OR "update, name, amount, category" OR "update_id" not met for actual request parameters: {'update_id','name','amount','category'}={{'2','gà rán','10000','3'}}]
date:2021-07-20 11:22:59	thread:main	X-Track:	level:TRACE	logger:o.s.w.s.m.m.a.RequestMappingHandlerMapping      	message:
	c.e.a.a.c.A.AdminController:
	{[POST, GET] [/admin/permission/update]}: update(Model,HttpServletRequest)
	{GET [/admin]}: viewAdmin()
	{GET [/admin/food]}: selectFood(Model)
	{ [/admin/food], params [addFood]}: CreateFood(Model)
	{POST [/admin/permission], params [addPermission]}: formPermission()
	{[POST, GET] [/admin/permission], params [user_id]}: updatePermission(Model,Integer)
	{[POST, GET] [/admin/permission], params [action && description && add]}: addPermission(Model,String,String)
	{[POST, GET] [/admin/permission]}: viewPermission(Model)
	{POST [/admin/food], params [delete_id]}: DeleteFood(Model,Integer)
	{[GET, POST] [/admin/food], params [update_id]}: UpdateFoodForm(Model,Integer)
	{ [/admin/food], params [add && name && amount && category]}: AddFood(Model,String,Integer,Integer)
	{ [/admin/food], params [update && name && amount && category]}: UpdateFood(Model,Integer,String,Integer,Integer)
date:2021-07-20 11:22:59	thread:main	X-Track:	level:DEBUG	logger:o.s.w.s.m.m.a.RequestMappingHandlerMapping      	message:12 mappings in <unknown>
date:2021-07-20 11:23:00	thread:main	X-Track:	level:WARN 	logger:o.s.w.s.m.s.DefaultHandlerExceptionResolver     	message:Resolved [org.springframework.web.bind.UnsatisfiedServletRequestParameterException: Parameter conditions "delete_id" OR "add, name, amount, category" OR "addFood" OR "update, name, amount, category" OR "update_id" not met for actual request parameters: {'update_id','name','amount','category'}={2, gà, 12000, 3}]
date:2021-07-20 11:23:18	thread:main	X-Track:	level:TRACE	logger:o.s.w.s.m.m.a.RequestMappingHandlerMapping      	message:
	c.e.a.a.c.A.AdminController:
	{[POST, GET] [/admin/permission/update]}: update(Model,HttpServletRequest)
	{GET [/admin]}: viewAdmin()
	{ [/admin/food], params [addFood]}: CreateFood(Model)
	{GET [/admin/food]}: selectFood(Model)
	{ [/admin/food], params [add && name && amount && category]}: AddFood(Model,String,Integer,Integer)
	{POST [/admin/food], params [delete_id]}: DeleteFood(Model,Integer)
	{[POST, GET] [/admin/permission]}: viewPermission(Model)
	{[POST, GET] [/admin/permission], params [user_id]}: updatePermission(Model,Integer)
	{[GET, POST] [/admin/food], params [update_id]}: UpdateFoodForm(Model,Integer)
	{ [/admin/food], params [update && name && amount && category]}: UpdateFood(Model,Integer,String,Integer,Integer)
	{[POST, GET] [/admin/permission], params [action && description && add]}: addPermission(Model,String,String)
	{POST [/admin/permission], params [addPermission]}: formPermission()
date:2021-07-20 11:23:18	thread:main	X-Track:	level:DEBUG	logger:o.s.w.s.m.m.a.RequestMappingHandlerMapping      	message:12 mappings in <unknown>
date:2021-07-20 11:23:18	thread:main	X-Track:	level:WARN 	logger:o.s.w.s.m.s.DefaultHandlerExceptionResolver     	message:Resolved [org.springframework.web.bind.UnsatisfiedServletRequestParameterException: Parameter conditions "add, name, amount, category" OR "delete_id" OR "addFood" OR "update, name, amount, category" OR "update_id" not met for actual request parameters: {'update_id','name','amount','category'}={2, gà, 12000, 3}]
date:2021-07-20 11:26:56	thread:main	X-Track:	level:TRACE	logger:o.s.w.s.m.m.a.RequestMappingHandlerMapping      	message:
	c.e.a.a.c.A.AdminController:
	{[POST, GET] [/admin/permission/update]}: update(Model,HttpServletRequest)
	{GET [/admin/food]}: selectFood(Model)
	{ [/admin/food], params [addFood]}: CreateFood(Model)
	{GET [/admin]}: viewAdmin()
	{ [/admin/food], params [add && name && amount && category]}: AddFood(Model,String,Integer,Integer)
	{[POST, GET] [/admin/permission], params [action && description && add]}: addPermission(Model,String,String)
	{POST [/admin/permission], params [addPermission]}: formPermission()
	{[GET, POST] [/admin/food], params [update_id]}: UpdateFoodForm(Model,Integer)
	{[POST, GET] [/admin/permission]}: viewPermission(Model)
	{POST [/admin/food], params [delete_id]}: DeleteFood(Model,Integer)
	{[POST, GET] [/admin/permission], params [user_id]}: updatePermission(Model,Integer)
	{ [/admin/food], params [update && name && amount && category]}: UpdateFood(Model,Integer,String,Integer,Integer)
date:2021-07-20 11:26:56	thread:main	X-Track:	level:DEBUG	logger:o.s.w.s.m.m.a.RequestMappingHandlerMapping      	message:12 mappings in <unknown>
date:2021-07-20 11:26:57	thread:main	X-Track:	level:WARN 	logger:o.s.w.s.m.s.DefaultHandlerExceptionResolver     	message:Resolved [org.springframework.web.bind.UnsatisfiedServletRequestParameterException: Parameter conditions "add, name, amount, category" OR "delete_id" OR "addFood" OR "update, name, amount, category" OR "update_id" not met for actual request parameters: {'update_id','name','amount','category'}={2, gà, 12000, 3}]
date:2021-07-20 11:27:32	thread:main	X-Track:	level:TRACE	logger:o.s.w.s.m.m.a.RequestMappingHandlerMapping      	message:
	c.e.a.a.c.A.AdminController:
	{[POST, GET] [/admin/permission/update]}: update(Model,HttpServletRequest)
	{ [/admin/food], params [addFood]}: CreateFood(Model)
	{GET [/admin]}: viewAdmin()
	{GET [/admin/food]}: selectFood(Model)
	{[POST, GET] [/admin/permission], params [action && description && add]}: addPermission(Model,String,String)
	{[GET, POST] [/admin/food], params [update_id]}: UpdateFoodForm(Model,Integer)
	{POST [/admin/permission], params [addPermission]}: formPermission()
	{[POST, GET] [/admin/permission]}: viewPermission(Model)
	{ [/admin/food], params [add && name && amount && category]}: AddFood(Model,String,Integer,Integer)
	{POST [/admin/food], params [delete_id]}: DeleteFood(Model,Integer)
	{ [/admin/food], params [update && name && amount && category]}: UpdateFood(Model,Integer,String,Integer,Integer)
	{[POST, GET] [/admin/permission], params [user_id]}: updatePermission(Model,Integer)
date:2021-07-20 11:27:32	thread:main	X-Track:	level:DEBUG	logger:o.s.w.s.m.m.a.RequestMappingHandlerMapping      	message:12 mappings in <unknown>
date:2021-07-20 11:27:33	thread:main	X-Track:	level:WARN 	logger:o.s.w.s.m.s.DefaultHandlerExceptionResolver     	message:Resolved [org.springframework.web.bind.UnsatisfiedServletRequestParameterException: Parameter conditions "add, name, amount, category" OR "delete_id" OR "addFood" OR "update, name, amount, category" OR "update_id" not met for actual request parameters: {'update_id','name','amount','category'}={2, gà, 12000, 3}]
date:2021-07-20 11:28:21	thread:main	X-Track:	level:TRACE	logger:o.s.w.s.m.m.a.RequestMappingHandlerMapping      	message:
	c.e.a.a.c.A.AdminController:
	{[POST, GET] [/admin/permission/update]}: update(Model,HttpServletRequest)
	{GET [/admin/food]}: selectFood(Model)
	{GET [/admin]}: viewAdmin()
	{ [/admin/food], params [addFood]}: CreateFood(Model)
	{POST [/admin/permission], params [addPermission]}: formPermission()
	{[GET, POST] [/admin/food], params [update_id]}: UpdateFoodForm(Model,Integer)
	{[POST, GET] [/admin/permission]}: viewPermission(Model)
	{POST [/admin/food], params [delete_id]}: DeleteFood(Model,Integer)
	{[POST, GET] [/admin/permission], params [action && description && add]}: addPermission(Model,String,String)
	{ [/admin/food], params [update && name && amount && category]}: UpdateFood(Model,Integer,String,Integer,Integer)
	{[POST, GET] [/admin/permission], params [user_id]}: updatePermission(Model,Integer)
	{ [/admin/food], params [add && name && amount && category]}: AddFood(Model,String,Integer,Integer)
date:2021-07-20 11:28:21	thread:main	X-Track:	level:DEBUG	logger:o.s.w.s.m.m.a.RequestMappingHandlerMapping      	message:12 mappings in <unknown>
date:2021-07-20 11:28:21	thread:main	X-Track:	level:WARN 	logger:o.s.w.s.m.s.DefaultHandlerExceptionResolver     	message:Resolved [org.springframework.web.bind.UnsatisfiedServletRequestParameterException: Parameter conditions "delete_id" OR "add, name, amount, category" OR "addFood" OR "update, name, amount, category" OR "update_id" not met for actual request parameters: {'update_id','name','amount','category'}={2, gà, 12000, 3}]
date:2021-07-20 11:34:00	thread:main	X-Track:	level:TRACE	logger:o.s.w.s.m.m.a.RequestMappingHandlerMapping      	message:
	c.e.a.a.c.A.AdminController:
	{[POST, GET] [/admin/permission/update]}: update(Model,HttpServletRequest)
	{GET [/admin]}: viewAdmin()
	{GET [/admin/food]}: selectFood(Model)
	{ [/admin/food], params [addFood]}: CreateFood(Model)
	{POST [/admin/permission], params [addPermission]}: formPermission()
	{ [/admin/food], params [update && name && amount && category]}: UpdateFood(Model,Integer,String,Integer,Integer)
	{ [/admin/food], params [add && name && amount && category]}: AddFood(Model,String,Integer,Integer)
	{[POST, GET] [/admin/permission]}: viewPermission(Model)
	{[GET, POST] [/admin/food], params [update_id]}: UpdateFoodForm(Model,Integer)
	{[POST, GET] [/admin/permission], params [user_id]}: updatePermission(Model,Integer)
	{[POST, GET] [/admin/permission], params [action && description && add]}: addPermission(Model,String,String)
	{POST [/admin/food], params [delete_id]}: DeleteFood(Model,Integer)
date:2021-07-20 11:34:00	thread:main	X-Track:	level:DEBUG	logger:o.s.w.s.m.m.a.RequestMappingHandlerMapping      	message:12 mappings in <unknown>
date:2021-07-20 11:34:00	thread:main	X-Track:	level:WARN 	logger:o.s.w.s.m.s.DefaultHandlerExceptionResolver     	message:Resolved [org.springframework.web.bind.UnsatisfiedServletRequestParameterException: Parameter conditions "add, name, amount, category" OR "delete_id" OR "addFood" OR "update, name, amount, category" OR "update_id" not met for actual request parameters: {'update_id','name','amount','category'}={2, gà, 12000, 3}]
date:2021-07-20 11:36:38	thread:main	X-Track:	level:TRACE	logger:o.s.w.s.m.m.a.RequestMappingHandlerMapping      	message:
	c.e.a.a.c.A.AdminController:
	{[POST, GET] [/admin/permission/update]}: update(Model,HttpServletRequest)
	{GET [/admin/food]}: selectFood(Model)
	{ [/admin/food], params [addFood]}: CreateFood(Model)
	{GET [/admin]}: viewAdmin()
	{POST [/admin/food], params [delete_id]}: DeleteFood(Model,Integer)
	{ [/admin/food], params [add && name && amount && category]}: AddFood(Model,String,Integer,Integer)
	{[POST, GET] [/admin/permission], params [user_id]}: updatePermission(Model,Integer)
	{ [/admin/food], params [update && name && amount && category]}: UpdateFood(Model,Integer,String,Integer,Integer)
	{[POST, GET] [/admin/permission], params [action && description && add]}: addPermission(Model,String,String)
	{[GET, POST] [/admin/food], params [update_id]}: UpdateFoodForm(Model,Integer)
	{POST [/admin/permission], params [addPermission]}: formPermission()
	{[POST, GET] [/admin/permission]}: viewPermission(Model)
date:2021-07-20 11:36:38	thread:main	X-Track:	level:DEBUG	logger:o.s.w.s.m.m.a.RequestMappingHandlerMapping      	message:12 mappings in <unknown>
date:2021-07-20 11:36:38	thread:main	X-Track:	level:TRACE	logger:o.s.w.s.m.m.a.RequestMappingHandlerMapping      	message:Mapped to com.example.authority.app.controller.Adminstration.AdminController#selectFood(Model)
date:2021-07-20 11:37:57	thread:main	X-Track:	level:TRACE	logger:o.s.w.s.m.m.a.RequestMappingHandlerMapping      	message:
	c.e.a.a.c.A.AdminController:
	{[POST, GET] [/admin/permission/update]}: update(Model,HttpServletRequest)
	{GET [/admin/food]}: selectFood(Model)
	{ [/admin/food], params [addFood]}: CreateFood(Model)
	{GET [/admin]}: viewAdmin()
	{ [/admin/food], params [add && name && amount && category]}: AddFood(Model,String,Integer,Integer)
	{ [/admin/food], params [update && name && amount && category]}: UpdateFood(Model,Integer,String,Integer,Integer)
	{[POST, GET] [/admin/permission]}: viewPermission(Model)
	{[GET, POST] [/admin/food], params [update_id]}: UpdateFoodForm(Model,Integer)
	{[POST, GET] [/admin/permission], params [action && description && add]}: addPermission(Model,String,String)
	{POST [/admin/permission], params [addPermission]}: formPermission()
	{POST [/admin/food], params [delete_id]}: DeleteFood(Model,Integer)
	{[POST, GET] [/admin/permission], params [user_id]}: updatePermission(Model,Integer)
date:2021-07-20 11:37:57	thread:main	X-Track:	level:DEBUG	logger:o.s.w.s.m.m.a.RequestMappingHandlerMapping      	message:12 mappings in <unknown>
date:2021-07-20 11:37:57	thread:main	X-Track:	level:TRACE	logger:o.s.w.s.m.m.a.RequestMappingHandlerMapping      	message:2 matching mappings: [{GET [/admin/food], params [update_id]}, {GET [/admin/food]}]
date:2021-07-20 11:37:57	thread:main	X-Track:	level:TRACE	logger:o.s.w.s.m.m.a.RequestMappingHandlerMapping      	message:Mapped to com.example.authority.app.controller.Adminstration.AdminController#UpdateFoodForm(Model, Integer)
date:2021-07-20 11:37:57	thread:main	X-Track:	level:WARN 	logger:o.s.w.s.m.s.DefaultHandlerExceptionResolver     	message:Resolved [org.springframework.web.bind.MissingServletRequestParameterException: Required Integer parameter 'update_id' is not present]
date:2021-07-20 11:38:09	thread:main	X-Track:	level:TRACE	logger:o.s.w.s.m.m.a.RequestMappingHandlerMapping      	message:
	c.e.a.a.c.A.AdminController:
	{[POST, GET] [/admin/permission/update]}: update(Model,HttpServletRequest)
	{GET [/admin]}: viewAdmin()
	{ [/admin/food], params [addFood]}: CreateFood(Model)
	{GET [/admin/food]}: selectFood(Model)
	{ [/admin/food], params [add && name && amount && category]}: AddFood(Model,String,Integer,Integer)
	{POST [/admin/food], params [delete_id]}: DeleteFood(Model,Integer)
	{[POST, GET] [/admin/permission], params [user_id]}: updatePermission(Model,Integer)
	{POST [/admin/permission], params [addPermission]}: formPermission()
	{[POST, GET] [/admin/permission]}: viewPermission(Model)
	{[POST, GET] [/admin/permission], params [action && description && add]}: addPermission(Model,String,String)
	{ [/admin/food], params [update && name && amount && category]}: UpdateFood(Model,Integer,String,Integer,Integer)
	{[GET, POST] [/admin/food], params [update_id]}: UpdateFoodForm(Model,Integer)
date:2021-07-20 11:38:09	thread:main	X-Track:	level:DEBUG	logger:o.s.w.s.m.m.a.RequestMappingHandlerMapping      	message:12 mappings in <unknown>
date:2021-07-20 11:38:10	thread:main	X-Track:	level:TRACE	logger:o.s.w.s.m.m.a.RequestMappingHandlerMapping      	message:2 matching mappings: [{GET [/admin/food], params [update_id]}, {GET [/admin/food]}]
date:2021-07-20 11:38:10	thread:main	X-Track:	level:TRACE	logger:o.s.w.s.m.m.a.RequestMappingHandlerMapping      	message:Mapped to com.example.authority.app.controller.Adminstration.AdminController#UpdateFoodForm(Model, Integer)
date:2021-07-20 14:22:51	thread:main	X-Track:	level:TRACE	logger:o.s.w.s.m.m.a.RequestMappingHandlerMapping      	message:
	c.e.a.a.c.A.AdminController:
	{[POST, GET] [/admin/permission/update]}: update(Model,HttpServletRequest)
	{GET [/admin]}: viewAdmin()
	{GET [/admin/food]}: selectFood(Model)
	{ [/admin/food], params [addFood]}: CreateFood(Model)
	{ [/admin/food], params [add && name && amount && category]}: AddFood(Model,String,Integer,Integer)
	{POST [/admin/food], params [delete_id]}: DeleteFood(Model,Integer)
	{[POST, GET] [/admin/permission]}: viewPermission(Model)
	{ [/admin/food], params [update && name && amount && category]}: UpdateFood(Model,Integer,String,Integer,Integer)
	{POST [/admin/permission], params [addPermission]}: formPermission()
	{[POST, GET] [/admin/permission], params [user_id]}: updatePermission(Model,Integer)
	{[GET, POST] [/admin/food], params [update_id]}: UpdateFoodForm(Model,Integer)
	{[POST, GET] [/admin/permission], params [action && description && add]}: addPermission(Model,String,String)
date:2021-07-20 14:22:51	thread:main	X-Track:	level:DEBUG	logger:o.s.w.s.m.m.a.RequestMappingHandlerMapping      	message:12 mappings in <unknown>
date:2021-07-20 14:22:51	thread:main	X-Track:	level:TRACE	logger:o.s.w.s.m.m.a.RequestMappingHandlerMapping      	message:2 matching mappings: [{GET [/admin/food], params [update_id]}, {GET [/admin/food]}]
date:2021-07-20 14:22:51	thread:main	X-Track:	level:TRACE	logger:o.s.w.s.m.m.a.RequestMappingHandlerMapping      	message:Mapped to com.example.authority.app.controller.Adminstration.AdminController#UpdateFoodForm(Model, Integer)
